<?xml version="1.0" encoding="UTF-8"?>
<coverage generated="1761173196817" clover="3.2.0">
  <project timestamp="1761173196817" name="All files">
    <metrics statements="10" coveredstatements="4" conditionals="4" coveredconditionals="2" methods="6" coveredmethods="2" elements="20" coveredelements="8" complexity="0" loc="10" ncloc="10" packages="1" files="1" classes="1"/>
    <file name="index.js" path="C:\Users\Bruno Oliveira\OneDrive\Documentos\UFMG\Oitavo Período\Teste de Software\TPs\seminario-teste-de-software\index.js">
      <metrics statements="10" coveredstatements="4" conditionals="4" coveredconditionals="2" methods="6" coveredmethods="2"/>
      <line num="3" count="3" type="stmt"/>
      <line num="7" count="0" type="stmt"/>
      <line num="11" count="0" type="stmt"/>
      <line num="15" count="0" type="cond" truecount="0" falsecount="2"/>
      <line num="16" count="0" type="stmt"/>
      <line num="18" count="0" type="stmt"/>
      <line num="22" count="0" type="stmt"/>
      <line num="26" count="3" type="cond" truecount="2" falsecount="0"/>
      <line num="27" count="1" type="stmt"/>
      <line num="29" count="2" type="stmt"/>
    </file>
  </project>
</coverage>
