{"C:\\Users\\Bruno Oliveira\\OneDrive\\Documentos\\UFMG\\Oitavo Período\\Teste de Software\\TPs\\seminario-teste-de-software\\index.js": {"path":"C:\\Users\\Bruno Oliveira\\OneDrive\\Documentos\\UFMG\\Oitavo Período\\Teste de Software\\TPs\\seminario-teste-de-software\\index.js","statementMap":{"0":{"start":{"line":3,"column":4},"end":{"line":3,"column":17}},"1":{"start":{"line":7,"column":4},"end":{"line":7,"column":17}},"2":{"start":{"line":11,"column":4},"end":{"line":11,"column":17}},"3":{"start":{"line":15,"column":4},"end":{"line":17,"column":5}},"4":{"start":{"line":16,"column":6},"end":{"line":16,"column":57}},"5":{"start":{"line":18,"column":4},"end":{"line":18,"column":17}},"6":{"start":{"line":22,"column":4},"end":{"line":22,"column":26}},"7":{"start":{"line":26,"column":4},"end":{"line":28,"column":5}},"8":{"start":{"line":27,"column":6},"end":{"line":27,"column":73}},"9":{"start":{"line":29,"column":4},"end":{"line":29,"column":24}}},"fnMap":{"0":{"name":"(anonymous_0)","decl":{"start":{"line":2,"column":2},"end":{"line":2,"column":5}},"loc":{"start":{"line":2,"column":12},"end":{"line":4,"column":3}},"line":2},"1":{"name":"(anonymous_1)","decl":{"start":{"line":6,"column":2},"end":{"line":6,"column":10}},"loc":{"start":{"line":6,"column":17},"end":{"line":8,"column":3}},"line":6},"2":{"name":"(anonymous_2)","decl":{"start":{"line":10,"column":2},"end":{"line":10,"column":10}},"loc":{"start":{"line":10,"column":17},"end":{"line":12,"column":3}},"line":10},"3":{"name":"(anonymous_3)","decl":{"start":{"line":14,"column":2},"end":{"line":14,"column":8}},"loc":{"start":{"line":14,"column":15},"end":{"line":19,"column":3}},"line":14},"4":{"name":"(anonymous_4)","decl":{"start":{"line":21,"column":2},"end":{"line":21,"column":7}},"loc":{"start":{"line":21,"column":14},"end":{"line":23,"column":3}},"line":21},"5":{"name":"(anonymous_5)","decl":{"start":{"line":25,"column":2},"end":{"line":25,"column":12}},"loc":{"start":{"line":25,"column":16},"end":{"line":30,"column":3}},"line":25}},"branchMap":{"0":{"loc":{"start":{"line":15,"column":4},"end":{"line":17,"column":5}},"type":"if","locations":[{"start":{"line":15,"column":4},"end":{"line":17,"column":5}},{"start":{},"end":{}}],"line":15},"1":{"loc":{"start":{"line":26,"column":4},"end":{"line":28,"column":5}},"type":"if","locations":[{"start":{"line":26,"column":4},"end":{"line":28,"column":5}},{"start":{},"end":{}}],"line":26}},"s":{"0":3,"1":2,"2":4,"3":3,"4":1,"5":2,"6":3,"7":3,"8":1,"9":2},"f":{"0":3,"1":2,"2":4,"3":3,"4":3,"5":3},"b":{"0":[1,2],"1":[1,2]},"meta":{"lastBranch":2,"lastFunction":6,"lastStatement":10,"seen":{"f:2:2:2:5":0,"s:3:4:3:17":0,"f:6:2:6:10":1,"s:7:4:7:17":1,"f:10:2:10:10":2,"s:11:4:11:17":2,"f:14:2:14:8":3,"b:15:4:17:5:undefined:undefined:undefined:undefined":0,"s:15:4:17:5":3,"s:16:6:16:57":4,"s:18:4:18:17":5,"f:21:2:21:7":4,"s:22:4:22:26":6,"f:25:2:25:12":5,"b:26:4:28:5:undefined:undefined:undefined:undefined":1,"s:26:4:28:5":7,"s:27:6:27:73":8,"s:29:4:29:24":9}}}
}
