{"C:\\Users\\Bruno Oliveira\\OneDrive\\Documentos\\UFMG\\Oitavo Período\\Teste de Software\\TPs\\seminario-teste-de-software\\advancedOperations.js": {"path":"C:\\Users\\Bruno Oliveira\\OneDrive\\Documentos\\UFMG\\Oitavo Período\\Teste de Software\\TPs\\seminario-teste-de-software\\advancedOperations.js","statementMap":{"0":{"start":{"line":5,"column":4},"end":{"line":5,"column":null}},"1":{"start":{"line":6,"column":4},"end":{"line":6,"column":null}},"2":{"start":{"line":11,"column":4},"end":{"line":11,"column":null}},"3":{"start":{"line":13,"column":4},"end":{"line":15,"column":null}},"4":{"start":{"line":14,"column":6},"end":{"line":14,"column":null}},"5":{"start":{"line":17,"column":4},"end":{"line":19,"column":null}},"6":{"start":{"line":18,"column":6},"end":{"line":18,"column":null}},"7":{"start":{"line":21,"column":17},"end":{"line":21,"column":18}},"8":{"start":{"line":22,"column":4},"end":{"line":24,"column":null}},"9":{"start":{"line":22,"column":17},"end":{"line":22,"column":18}},"10":{"start":{"line":23,"column":6},"end":{"line":23,"column":null}},"11":{"start":{"line":26,"column":4},"end":{"line":26,"column":null}},"12":{"start":{"line":31,"column":4},"end":{"line":31,"column":null}},"13":{"start":{"line":33,"column":4},"end":{"line":35,"column":null}},"14":{"start":{"line":34,"column":6},"end":{"line":34,"column":null}},"15":{"start":{"line":37,"column":16},"end":{"line":37,"column":76}},"16":{"start":{"line":37,"column":45},"end":{"line":37,"column":72}},"17":{"start":{"line":38,"column":4},"end":{"line":38,"column":null}},"18":{"start":{"line":43,"column":4},"end":{"line":43,"column":null}},"19":{"start":{"line":45,"column":4},"end":{"line":47,"column":null}},"20":{"start":{"line":46,"column":6},"end":{"line":46,"column":null}},"21":{"start":{"line":49,"column":16},"end":{"line":49,"column":37}},"22":{"start":{"line":50,"column":25},"end":{"line":53,"column":6}},"23":{"start":{"line":51,"column":19},"end":{"line":51,"column":51}},"24":{"start":{"line":52,"column":6},"end":{"line":52,"column":null}},"25":{"start":{"line":55,"column":21},"end":{"line":55,"column":47}},"26":{"start":{"line":56,"column":4},"end":{"line":56,"column":null}},"27":{"start":{"line":61,"column":4},"end":{"line":61,"column":null}},"28":{"start":{"line":63,"column":4},"end":{"line":65,"column":null}},"29":{"start":{"line":64,"column":6},"end":{"line":64,"column":null}},"30":{"start":{"line":67,"column":4},"end":{"line":69,"column":null}},"31":{"start":{"line":68,"column":6},"end":{"line":68,"column":null}},"32":{"start":{"line":71,"column":4},"end":{"line":71,"column":null}},"33":{"start":{"line":76,"column":22},"end":{"line":76,"column":46}},"34":{"start":{"line":77,"column":4},"end":{"line":81,"column":null}},"35":{"start":{"line":83,"column":4},"end":{"line":83,"column":null}},"36":{"start":{"line":88,"column":4},"end":{"line":88,"column":null}},"37":{"start":{"line":93,"column":4},"end":{"line":93,"column":null}},"38":{"start":{"line":94,"column":4},"end":{"line":94,"column":null}}},"fnMap":{"0":{"name":"(anonymous_0)","decl":{"start":{"line":4,"column":2},"end":{"line":4,"column":13}},"loc":{"start":{"line":4,"column":16},"end":{"line":7,"column":null}},"line":4},"1":{"name":"(anonymous_1)","decl":{"start":{"line":10,"column":2},"end":{"line":10,"column":11}},"loc":{"start":{"line":10,"column":15},"end":{"line":27,"column":null}},"line":10},"2":{"name":"(anonymous_2)","decl":{"start":{"line":30,"column":2},"end":{"line":30,"column":9}},"loc":{"start":{"line":30,"column":19},"end":{"line":39,"column":null}},"line":30},"3":{"name":"(anonymous_3)","decl":{"start":{"line":37,"column":31},"end":{"line":37,"column":32}},"loc":{"start":{"line":37,"column":45},"end":{"line":37,"column":72}},"line":37},"4":{"name":"(anonymous_4)","decl":{"start":{"line":42,"column":2},"end":{"line":42,"column":19}},"loc":{"start":{"line":42,"column":29},"end":{"line":57,"column":null}},"line":42},"5":{"name":"(anonymous_5)","decl":{"start":{"line":50,"column":37},"end":{"line":50,"column":40}},"loc":{"start":{"line":50,"column":44},"end":{"line":53,"column":5}},"line":50},"6":{"name":"(anonymous_6)","decl":{"start":{"line":60,"column":2},"end":{"line":60,"column":11}},"loc":{"start":{"line":60,"column":35},"end":{"line":72,"column":null}},"line":60},"7":{"name":"(anonymous_7)","decl":{"start":{"line":75,"column":2},"end":{"line":75,"column":14}},"loc":{"start":{"line":75,"column":34},"end":{"line":84,"column":null}},"line":75},"8":{"name":"(anonymous_8)","decl":{"start":{"line":87,"column":2},"end":{"line":87,"column":17}},"loc":{"start":{"line":87,"column":20},"end":{"line":89,"column":null}},"line":87},"9":{"name":"(anonymous_9)","decl":{"start":{"line":92,"column":2},"end":{"line":92,"column":10}},"loc":{"start":{"line":92,"column":13},"end":{"line":95,"column":null}},"line":92}},"branchMap":{"0":{"loc":{"start":{"line":13,"column":4},"end":{"line":15,"column":null}},"type":"if","locations":[{"start":{"line":13,"column":4},"end":{"line":15,"column":null}},{"start":{},"end":{}}],"line":13},"1":{"loc":{"start":{"line":17,"column":4},"end":{"line":19,"column":null}},"type":"if","locations":[{"start":{"line":17,"column":4},"end":{"line":19,"column":null}},{"start":{},"end":{}}],"line":17},"2":{"loc":{"start":{"line":17,"column":8},"end":{"line":17,"column":26}},"type":"binary-expr","locations":[{"start":{"line":17,"column":8},"end":{"line":17,"column":15}},{"start":{"line":17,"column":19},"end":{"line":17,"column":26}}],"line":17},"3":{"loc":{"start":{"line":33,"column":4},"end":{"line":35,"column":null}},"type":"if","locations":[{"start":{"line":33,"column":4},"end":{"line":35,"column":null}},{"start":{},"end":{}}],"line":33},"4":{"loc":{"start":{"line":33,"column":8},"end":{"line":33,"column":55}},"type":"binary-expr","locations":[{"start":{"line":33,"column":8},"end":{"line":33,"column":31}},{"start":{"line":33,"column":35},"end":{"line":33,"column":55}}],"line":33},"5":{"loc":{"start":{"line":45,"column":4},"end":{"line":47,"column":null}},"type":"if","locations":[{"start":{"line":45,"column":4},"end":{"line":47,"column":null}},{"start":{},"end":{}}],"line":45},"6":{"loc":{"start":{"line":45,"column":8},"end":{"line":45,"column":55}},"type":"binary-expr","locations":[{"start":{"line":45,"column":8},"end":{"line":45,"column":31}},{"start":{"line":45,"column":35},"end":{"line":45,"column":55}}],"line":45},"7":{"loc":{"start":{"line":60,"column":20},"end":{"line":60,"column":33}},"type":"default-arg","locations":[{"start":{"line":60,"column":27},"end":{"line":60,"column":33}}],"line":60},"8":{"loc":{"start":{"line":63,"column":4},"end":{"line":65,"column":null}},"type":"if","locations":[{"start":{"line":63,"column":4},"end":{"line":65,"column":null}},{"start":{},"end":{}}],"line":63},"9":{"loc":{"start":{"line":67,"column":4},"end":{"line":69,"column":null}},"type":"if","locations":[{"start":{"line":67,"column":4},"end":{"line":69,"column":null}},{"start":{},"end":{}}],"line":67},"10":{"loc":{"start":{"line":67,"column":8},"end":{"line":67,"column":31}},"type":"binary-expr","locations":[{"start":{"line":67,"column":8},"end":{"line":67,"column":17}},{"start":{"line":67,"column":21},"end":{"line":67,"column":31}}],"line":67}},"s":{"0":0,"1":0,"2":0,"3":0,"4":0,"5":0,"6":0,"7":0,"8":0,"9":0,"10":0,"11":0,"12":0,"13":0,"14":0,"15":0,"16":0,"17":0,"18":0,"19":0,"20":0,"21":0,"22":0,"23":0,"24":0,"25":0,"26":0,"27":0,"28":0,"29":0,"30":0,"31":0,"32":0,"33":0,"34":0,"35":0,"36":0,"37":0,"38":0},"f":{"0":0,"1":0,"2":0,"3":0,"4":0,"5":0,"6":0,"7":0,"8":0,"9":0},"b":{"0":[0,0],"1":[0,0],"2":[0,0],"3":[0,0],"4":[0,0],"5":[0,0],"6":[0,0],"7":[0],"8":[0,0],"9":[0,0],"10":[0,0]},"meta":{"lastBranch":11,"lastFunction":10,"lastStatement":39,"seen":{"f:4:2:4:13":0,"s:5:4:5:Infinity":0,"s:6:4:6:Infinity":1,"f:10:2:10:11":1,"s:11:4:11:Infinity":2,"b:13:4:15:Infinity:undefined:undefined:undefined:undefined":0,"s:13:4:15:Infinity":3,"s:14:6:14:Infinity":4,"b:17:4:19:Infinity:undefined:undefined:undefined:undefined":1,"s:17:4:19:Infinity":5,"b:17:8:17:15:17:19:17:26":2,"s:18:6:18:Infinity":6,"s:21:17:21:18":7,"s:22:4:24:Infinity":8,"s:22:17:22:18":9,"s:23:6:23:Infinity":10,"s:26:4:26:Infinity":11,"f:30:2:30:9":2,"s:31:4:31:Infinity":12,"b:33:4:35:Infinity:undefined:undefined:undefined:undefined":3,"s:33:4:35:Infinity":13,"b:33:8:33:31:33:35:33:55":4,"s:34:6:34:Infinity":14,"s:37:16:37:76":15,"f:37:31:37:32":3,"s:37:45:37:72":16,"s:38:4:38:Infinity":17,"f:42:2:42:19":4,"s:43:4:43:Infinity":18,"b:45:4:47:Infinity:undefined:undefined:undefined:undefined":5,"s:45:4:47:Infinity":19,"b:45:8:45:31:45:35:45:55":6,"s:46:6:46:Infinity":20,"s:49:16:49:37":21,"s:50:25:53:6":22,"f:50:37:50:40":5,"s:51:19:51:51":23,"s:52:6:52:Infinity":24,"s:55:21:55:47":25,"s:56:4:56:Infinity":26,"f:60:2:60:11":6,"b:60:27:60:33":7,"s:61:4:61:Infinity":27,"b:63:4:65:Infinity:undefined:undefined:undefined:undefined":8,"s:63:4:65:Infinity":28,"s:64:6:64:Infinity":29,"b:67:4:69:Infinity:undefined:undefined:undefined:undefined":9,"s:67:4:69:Infinity":30,"b:67:8:67:17:67:21:67:31":10,"s:68:6:68:Infinity":31,"s:71:4:71:Infinity":32,"f:75:2:75:14":7,"s:76:22:76:46":33,"s:77:4:81:Infinity":34,"s:83:4:83:Infinity":35,"f:87:2:87:17":8,"s:88:4:88:Infinity":36,"f:92:2:92:10":9,"s:93:4:93:Infinity":37,"s:94:4:94:Infinity":38}}}
,"C:\\Users\\Bruno Oliveira\\OneDrive\\Documentos\\UFMG\\Oitavo Período\\Teste de Software\\TPs\\seminario-teste-de-software\\index.js": {"path":"C:\\Users\\Bruno Oliveira\\OneDrive\\Documentos\\UFMG\\Oitavo Período\\Teste de Software\\TPs\\seminario-teste-de-software\\index.js","statementMap":{"0":{"start":{"line":5,"column":4},"end":{"line":5,"column":17}},"1":{"start":{"line":9,"column":4},"end":{"line":9,"column":17}},"2":{"start":{"line":13,"column":4},"end":{"line":13,"column":17}},"3":{"start":{"line":17,"column":4},"end":{"line":19,"column":5}},"4":{"start":{"line":18,"column":6},"end":{"line":18,"column":57}},"5":{"start":{"line":20,"column":4},"end":{"line":20,"column":17}},"6":{"start":{"line":24,"column":4},"end":{"line":24,"column":26}},"7":{"start":{"line":28,"column":4},"end":{"line":30,"column":5}},"8":{"start":{"line":29,"column":6},"end":{"line":29,"column":73}},"9":{"start":{"line":31,"column":4},"end":{"line":31,"column":24}}},"fnMap":{"0":{"name":"(anonymous_0)","decl":{"start":{"line":4,"column":2},"end":{"line":4,"column":5}},"loc":{"start":{"line":4,"column":12},"end":{"line":6,"column":3}},"line":4},"1":{"name":"(anonymous_1)","decl":{"start":{"line":8,"column":2},"end":{"line":8,"column":10}},"loc":{"start":{"line":8,"column":17},"end":{"line":10,"column":3}},"line":8},"2":{"name":"(anonymous_2)","decl":{"start":{"line":12,"column":2},"end":{"line":12,"column":10}},"loc":{"start":{"line":12,"column":17},"end":{"line":14,"column":3}},"line":12},"3":{"name":"(anonymous_3)","decl":{"start":{"line":16,"column":2},"end":{"line":16,"column":8}},"loc":{"start":{"line":16,"column":15},"end":{"line":21,"column":3}},"line":16},"4":{"name":"(anonymous_4)","decl":{"start":{"line":23,"column":2},"end":{"line":23,"column":7}},"loc":{"start":{"line":23,"column":14},"end":{"line":25,"column":3}},"line":23},"5":{"name":"(anonymous_5)","decl":{"start":{"line":27,"column":2},"end":{"line":27,"column":12}},"loc":{"start":{"line":27,"column":16},"end":{"line":32,"column":3}},"line":27}},"branchMap":{"0":{"loc":{"start":{"line":17,"column":4},"end":{"line":19,"column":5}},"type":"if","locations":[{"start":{"line":17,"column":4},"end":{"line":19,"column":5}},{"start":{},"end":{}}],"line":17},"1":{"loc":{"start":{"line":28,"column":4},"end":{"line":30,"column":5}},"type":"if","locations":[{"start":{"line":28,"column":4},"end":{"line":30,"column":5}},{"start":{},"end":{}}],"line":28}},"s":{"0":3,"1":0,"2":0,"3":0,"4":0,"5":0,"6":0,"7":3,"8":1,"9":2},"f":{"0":3,"1":0,"2":0,"3":0,"4":0,"5":3},"b":{"0":[0,0],"1":[1,2]},"meta":{"lastBranch":2,"lastFunction":6,"lastStatement":10,"seen":{"f:4:2:4:5":0,"s:5:4:5:17":0,"f:8:2:8:10":1,"s:9:4:9:17":1,"f:12:2:12:10":2,"s:13:4:13:17":2,"f:16:2:16:8":3,"b:17:4:19:5:undefined:undefined:undefined:undefined":0,"s:17:4:19:5":3,"s:18:6:18:57":4,"s:20:4:20:17":5,"f:23:2:23:7":4,"s:24:4:24:26":6,"f:27:2:27:12":5,"b:28:4:30:5:undefined:undefined:undefined:undefined":1,"s:28:4:30:5":7,"s:29:6:29:73":8,"s:31:4:31:24":9}}}
}
